<?xml version="1.0" encoding="UTF-8"?>
<testsuite name="md.dolinschi.screw.reflection.DeepMapperTest" tests="1" skipped="0" failures="0" errors="0" timestamp="2022-11-15T09:23:59" hostname="Nichitas-MacBook-Pro.fritz.box" time="0.011">
  <properties/>
  <testcase name="testDeepMapping()" classname="md.dolinschi.screw.reflection.DeepMapperTest" time="0.011"/>
  <system-out><![CDATA[]]></system-out>
  <system-err><![CDATA[]]></system-err>
</testsuite>
